Using pre-set license
Built from '2020.3/staging' branch; Version is '2020.3.11f1 (99c7afb366b3) revision 10078127'; Using compiler version '192528614'; Build Type 'Release'
OS: 'Windows 10 Education; OS build 19043.1081; Version 2009; 64bit' Language: 'en' Physical Memory: 16341 MB
BatchMode: 1, IsHumanControllingUs: 0, StartBugReporterOnCrash: 0, Is64bit: 1, IsPro: 0

 COMMAND LINE ARGUMENTS:
E:\Documents\Unity\2020.3.11f1\Editor\Unity.exe
-adb2
-batchMode
-noUpm
-name
AssetImportWorker0
-projectPath
E:/Documents/GitHub/RESTful API Tutorial
-logFile
Logs/AssetImportWorker0.log
-srvPort
55836
Successfully changed project path to: E:/Documents/GitHub/RESTful API Tutorial
E:/Documents/GitHub/RESTful API Tutorial
Using Asset Import Pipeline V2.
Refreshing native plugins compatible for Editor in 23.07 ms, found 2 plugins.
Preloading 0 native plugins for Editor in 0.00 ms.
Initialize engine version: 2020.3.11f1 (99c7afb366b3)
[Subsystems] Discovering subsystems at path E:/Documents/Unity/2020.3.11f1/Editor/Data/Resources/UnitySubsystems
[Subsystems] Discovering subsystems at path E:/Documents/GitHub/RESTful API Tutorial/Assets
GfxDevice: creating device client; threaded=0
Direct3D:
    Version:  Direct3D 11.0 [level 11.1]
    Renderer: NVIDIA GeForce RTX 2080 (ID=0x1e82)
    Vendor:   
    VRAM:     8010 MB
    Driver:   30.0.14.7111
Initialize mono
Mono path[0] = 'E:/Documents/Unity/2020.3.11f1/Editor/Data/Managed'
Mono path[1] = 'E:/Documents/Unity/2020.3.11f1/Editor/Data/MonoBleedingEdge/lib/mono/unityjit'
Mono config path = 'E:/Documents/Unity/2020.3.11f1/Editor/Data/MonoBleedingEdge/etc'
Using monoOptions --debugger-agent=transport=dt_socket,embedding=1,server=y,suspend=n,address=127.0.0.1:56536
Begin MonoManager ReloadAssembly
Registering precompiled unity dll's ...
Register platform support module: E:/Documents/Unity/2020.3.11f1/Editor/Data/PlaybackEngines/WindowsStandaloneSupport/UnityEditor.WindowsStandalone.Extensions.dll
Registered in 0.001229 seconds.
Native extension for WindowsStandalone target not found
Refreshing native plugins compatible for Editor in 42.19 ms, found 2 plugins.
Preloading 0 native plugins for Editor in 0.00 ms.
Mono: successfully reloaded assembly
- Completed reload, in  1.451 seconds
Platform modules already initialized, skipping
Registering precompiled user dll's ...
Registered in 0.004310 seconds.
Begin MonoManager ReloadAssembly
Native extension for WindowsStandalone target not found
Refreshing native plugins compatible for Editor in 0.29 ms, found 2 plugins.
Preloading 0 native plugins for Editor in 0.00 ms.
Mono: successfully reloaded assembly
- Completed reload, in  1.103 seconds
Platform modules already initialized, skipping
========================================================================
Worker process is ready to serve import requests
Launched and connected shader compiler UnityShaderCompiler.exe after 0.06 seconds
Refreshing native plugins compatible for Editor in 0.27 ms, found 2 plugins.
Preloading 0 native plugins for Editor in 0.00 ms.
Unloading 1389 Unused Serialized files (Serialized files now loaded: 0)
System memory in use before: 64.9 MB.
System memory in use after: 65.0 MB.

Unloading 19 unused Assets to reduce memory usage. Loaded Objects now: 1824.
Total: 1.702300 ms (FindLiveObjects: 0.143100 ms CreateObjectMapping: 0.044000 ms MarkObjects: 1.440200 ms  DeleteObjects: 0.074100 ms)

========================================================================
Received Import Request.
  path: Assets/UIController.cs
  artifactKey: Guid(10912e8f7c532d04085566887fd9dd5b) Importer(815301076,1909f56bfc062723c751e8b465ee728b)
Start importing Assets/UIController.cs using Guid(10912e8f7c532d04085566887fd9dd5b) Importer(815301076,1909f56bfc062723c751e8b465ee728b)  -> (artifact id: '0a7b195e0c68bdeb94f553fa70d60c7e') in 0.037614 seconds
  Import took 0.039690 seconds .

========================================================================
Received Import Request.
  Time since last request: 7.783619 seconds.
  path: Assets/WeatherInfo.cs
  artifactKey: Guid(c3f09342d1bb2cd4a975d174f782ba75) Importer(815301076,1909f56bfc062723c751e8b465ee728b)
Start importing Assets/WeatherInfo.cs using Guid(c3f09342d1bb2cd4a975d174f782ba75) Importer(815301076,1909f56bfc062723c751e8b465ee728b)  -> (artifact id: '3763af34f1d2d9807e2e0d755a460175') in 0.002080 seconds
  Import took 0.003919 seconds .

========================================================================
Received Prepare
Registering precompiled user dll's ...
Registered in 0.004021 seconds.
Begin MonoManager ReloadAssembly
Native extension for WindowsStandalone target not found
Refreshing native plugins compatible for Editor in 0.26 ms, found 2 plugins.
Preloading 0 native plugins for Editor in 0.00 ms.
Mono: successfully reloaded assembly
- Completed reload, in  0.794 seconds
Platform modules already initialized, skipping
Refreshing native plugins compatible for Editor in 0.26 ms, found 2 plugins.
Preloading 0 native plugins for Editor in 0.00 ms.
Unloading 1384 Unused Serialized files (Serialized files now loaded: 0)
System memory in use before: 64.9 MB.
System memory in use after: 64.9 MB.

Unloading 14 unused Assets to reduce memory usage. Loaded Objects now: 1827.
Total: 1.596400 ms (FindLiveObjects: 0.133000 ms CreateObjectMapping: 0.037600 ms MarkObjects: 1.381600 ms  DeleteObjects: 0.043300 ms)

========================================================================
Received Prepare
Registering precompiled user dll's ...
Registered in 0.003799 seconds.
Begin MonoManager ReloadAssembly
Native extension for WindowsStandalone target not found
Refreshing native plugins compatible for Editor in 0.27 ms, found 2 plugins.
Preloading 0 native plugins for Editor in 0.00 ms.
Mono: successfully reloaded assembly
- Completed reload, in  0.900 seconds
Platform modules already initialized, skipping
Refreshing native plugins compatible for Editor in 0.25 ms, found 2 plugins.
Preloading 0 native plugins for Editor in 0.00 ms.
Unloading 1384 Unused Serialized files (Serialized files now loaded: 0)
System memory in use before: 64.9 MB.
System memory in use after: 65.0 MB.

Unloading 14 unused Assets to reduce memory usage. Loaded Objects now: 1830.
Total: 1.865800 ms (FindLiveObjects: 0.185400 ms CreateObjectMapping: 0.044700 ms MarkObjects: 1.567300 ms  DeleteObjects: 0.066600 ms)

========================================================================
Received Prepare
Registering precompiled user dll's ...
Registered in 0.004008 seconds.
Begin MonoManager ReloadAssembly
Native extension for WindowsStandalone target not found
Refreshing native plugins compatible for Editor in 0.40 ms, found 2 plugins.
Preloading 0 native plugins for Editor in 0.00 ms.
Mono: successfully reloaded assembly
- Completed reload, in  1.036 seconds
Platform modules already initialized, skipping
Refreshing native plugins compatible for Editor in 0.30 ms, found 2 plugins.
Preloading 0 native plugins for Editor in 0.00 ms.
Unloading 1384 Unused Serialized files (Serialized files now loaded: 0)
System memory in use before: 64.9 MB.
System memory in use after: 65.0 MB.

Unloading 14 unused Assets to reduce memory usage. Loaded Objects now: 1833.
Total: 1.867900 ms (FindLiveObjects: 0.181000 ms CreateObjectMapping: 0.051200 ms MarkObjects: 1.583400 ms  DeleteObjects: 0.051000 ms)

========================================================================
Received Import Request.
  Time since last request: 4520.062276 seconds.
  path: Assets/UnearthlyRed4k.hdr
  artifactKey: Guid(6245bbba07940e049ba7f5d554206bbe) Importer(815301076,1909f56bfc062723c751e8b465ee728b)
Start importing Assets/UnearthlyRed4k.hdr using Guid(6245bbba07940e049ba7f5d554206bbe) Importer(815301076,1909f56bfc062723c751e8b465ee728b)  -> (artifact id: 'af29b338990960cf358fdb8af061bcad') in 0.259516 seconds
  Import took 0.311693 seconds .

========================================================================
Received Import Request.
  Time since last request: 0.000247 seconds.
  path: Assets/CasualDay4K.hdr
  artifactKey: Guid(34087147fff4f20409a3a9249ebd17d9) Importer(815301076,1909f56bfc062723c751e8b465ee728b)
Start importing Assets/CasualDay4K.hdr using Guid(34087147fff4f20409a3a9249ebd17d9) Importer(815301076,1909f56bfc062723c751e8b465ee728b)  -> (artifact id: 'dd1eda17f85fbf872d4da8f7442ddefe') in 0.014706 seconds
  Import took 0.018023 seconds .

========================================================================
Received Import Request.
  Time since last request: 0.000278 seconds.
  path: Assets/DarkStorm4K.hdr
  artifactKey: Guid(114a43fdb39984540ae09fbc9136d83e) Importer(815301076,1909f56bfc062723c751e8b465ee728b)
Start importing Assets/DarkStorm4K.hdr using Guid(114a43fdb39984540ae09fbc9136d83e) Importer(815301076,1909f56bfc062723c751e8b465ee728b)  -> (artifact id: '18cb745f77f415ed90008da64a83245d') in 0.010361 seconds
  Import took 0.045699 seconds .

========================================================================
Received Import Request.
  Time since last request: 0.000180 seconds.
  path: Assets/MegaSun4k.hdr
  artifactKey: Guid(73978d9947611b04d84712cac7f88d4f) Importer(815301076,1909f56bfc062723c751e8b465ee728b)
Start importing Assets/MegaSun4k.hdr using Guid(73978d9947611b04d84712cac7f88d4f) Importer(815301076,1909f56bfc062723c751e8b465ee728b)  -> (artifact id: 'f1207af01ec856c6b98b71ca284cc2b6') in 0.014445 seconds
  Import took 0.016945 seconds .

========================================================================
Received Import Request.
  Time since last request: 0.000201 seconds.
  path: Assets/DayInTheClouds4k.hdr
  artifactKey: Guid(5e67af2db1553954bb068432dcbf4497) Importer(815301076,1909f56bfc062723c751e8b465ee728b)
Start importing Assets/DayInTheClouds4k.hdr using Guid(5e67af2db1553954bb068432dcbf4497) Importer(815301076,1909f56bfc062723c751e8b465ee728b)  -> (artifact id: '2825547eb10a193abb02da9243a10be1') in 0.011379 seconds
  Import took 0.013765 seconds .

========================================================================
Received Import Request.
  Time since last request: 0.000158 seconds.
  path: Assets/FluffballDay4k.hdr
  artifactKey: Guid(e9f5ea26aff3887499d89fdd55d92600) Importer(815301076,1909f56bfc062723c751e8b465ee728b)
Start importing Assets/FluffballDay4k.hdr using Guid(e9f5ea26aff3887499d89fdd55d92600) Importer(815301076,1909f56bfc062723c751e8b465ee728b)  -> (artifact id: '807cdee4381004b07a4ac74ba3c96860') in 0.008335 seconds
  Import took 0.010708 seconds .

========================================================================
Received Import Request.
  Time since last request: 0.000252 seconds.
  path: Assets/UnderTheSea4k.hdr
  artifactKey: Guid(1affdf685bcd4b645af2978ad2887a80) Importer(815301076,1909f56bfc062723c751e8b465ee728b)
Start importing Assets/UnderTheSea4k.hdr using Guid(1affdf685bcd4b645af2978ad2887a80) Importer(815301076,1909f56bfc062723c751e8b465ee728b)  -> (artifact id: '2ffcbf433258705cf98eb166353e9d3b') in 0.007843 seconds
  Import took 0.037481 seconds .

========================================================================
Received Import Request.
  Time since last request: 0.000209 seconds.
  path: Assets/SkyhighFluffycloudField4k.hdr
  artifactKey: Guid(bc8dd0e103fabf743b46e0d8240bbc8a) Importer(815301076,1909f56bfc062723c751e8b465ee728b)
Start importing Assets/SkyhighFluffycloudField4k.hdr using Guid(bc8dd0e103fabf743b46e0d8240bbc8a) Importer(815301076,1909f56bfc062723c751e8b465ee728b)  -> (artifact id: 'df345b06afffb41da06cf0b40e80e99f') in 0.007114 seconds
  Import took 0.009122 seconds .

========================================================================
Received Import Request.
  Time since last request: 0.000212 seconds.
  path: Assets/CloudedSunGlow4k.hdr
  artifactKey: Guid(9cf739e3cfeab1d4aaf22edf851718ab) Importer(815301076,1909f56bfc062723c751e8b465ee728b)
Start importing Assets/CloudedSunGlow4k.hdr using Guid(9cf739e3cfeab1d4aaf22edf851718ab) Importer(815301076,1909f56bfc062723c751e8b465ee728b)  -> (artifact id: 'c2d401037e6e8caa909fde8244fe35d7') in 0.007502 seconds
  Import took 0.009982 seconds .

========================================================================
Received Import Request.
  Time since last request: 0.000226 seconds.
  path: Assets/PlanetaryEarth4k.hdr
  artifactKey: Guid(74bacb765005d5945ac5fe786f7344f5) Importer(815301076,1909f56bfc062723c751e8b465ee728b)
Start importing Assets/PlanetaryEarth4k.hdr using Guid(74bacb765005d5945ac5fe786f7344f5) Importer(815301076,1909f56bfc062723c751e8b465ee728b)  -> (artifact id: '1c425ad7327239f32af98f13d7ae558b') in 0.006826 seconds
  Import took 0.015497 seconds .

========================================================================
Received Import Request.
  Time since last request: 0.000185 seconds.
  path: Assets/AmbienceExposure4k.hdr
  artifactKey: Guid(7b7e021c9a2d25a43ae34c05d88821e2) Importer(815301076,1909f56bfc062723c751e8b465ee728b)
Start importing Assets/AmbienceExposure4k.hdr using Guid(7b7e021c9a2d25a43ae34c05d88821e2) Importer(815301076,1909f56bfc062723c751e8b465ee728b)  -> (artifact id: 'e47534025aba33b559c1e8904557b98f') in 0.007130 seconds
  Import took 0.008990 seconds .

========================================================================
Received Import Request.
  Time since last request: 0.000181 seconds.
  path: Assets/CoriolisNight4k.hdr
  artifactKey: Guid(038f3ea84469e4f418a028d930167b56) Importer(815301076,1909f56bfc062723c751e8b465ee728b)
Start importing Assets/CoriolisNight4k.hdr using Guid(038f3ea84469e4f418a028d930167b56) Importer(815301076,1909f56bfc062723c751e8b465ee728b)  -> (artifact id: '1d1674886dcbc58546abddf51c14c405') in 0.007892 seconds
  Import took 0.022281 seconds .

========================================================================
Received Import Request.
  Time since last request: 0.000202 seconds.
  path: Assets/SunlessCirruscover4k.hdr
  artifactKey: Guid(b7b519fc10771d746bd06c253dc6aa4f) Importer(815301076,1909f56bfc062723c751e8b465ee728b)
Start importing Assets/SunlessCirruscover4k.hdr using Guid(b7b519fc10771d746bd06c253dc6aa4f) Importer(815301076,1909f56bfc062723c751e8b465ee728b)  -> (artifact id: '57f636ee879d48280e072fb255f09085') in 0.007125 seconds
  Import took 0.009244 seconds .

========================================================================
Received Import Request.
  Time since last request: 0.000181 seconds.
  path: Assets/Cloudymorning4k.hdr
  artifactKey: Guid(5b7c8f5439e32e749bcf974ef902cad2) Importer(815301076,1909f56bfc062723c751e8b465ee728b)
Start importing Assets/Cloudymorning4k.hdr using Guid(5b7c8f5439e32e749bcf974ef902cad2) Importer(815301076,1909f56bfc062723c751e8b465ee728b)  -> (artifact id: 'a5338aba16cf0d315e312bf22715aa7b') in 0.007104 seconds
  Import took 0.012544 seconds .

========================================================================
Received Import Request.
  Time since last request: 0.000180 seconds.
  path: Assets/HighFantasy4k.hdr
  artifactKey: Guid(72d9f0b867b51f24caf4eb71329c7552) Importer(815301076,1909f56bfc062723c751e8b465ee728b)
Start importing Assets/HighFantasy4k.hdr using Guid(72d9f0b867b51f24caf4eb71329c7552) Importer(815301076,1909f56bfc062723c751e8b465ee728b)  -> (artifact id: '5a6d0803b0a59b64386a02c08ae6c9ea') in 0.007291 seconds
  Import took 0.009895 seconds .

========================================================================
Received Import Request.
  Time since last request: 174.545371 seconds.
  path: Assets/New Material.mat
  artifactKey: Guid(61f200afc367c7f4f923d19ad3143d45) Importer(815301076,1909f56bfc062723c751e8b465ee728b)
Start importing Assets/New Material.mat using Guid(61f200afc367c7f4f923d19ad3143d45) Importer(815301076,1909f56bfc062723c751e8b465ee728b)  -> (artifact id: '1f65bba0a539030accd2d446aee4d2ce') in 0.087581 seconds
  Import took 0.106102 seconds .

========================================================================
Received Import Request.
  Time since last request: 78.627272 seconds.
  path: Assets/ClearSky.mat
  artifactKey: Guid(61f200afc367c7f4f923d19ad3143d45) Importer(815301076,1909f56bfc062723c751e8b465ee728b)
Start importing Assets/ClearSky.mat using Guid(61f200afc367c7f4f923d19ad3143d45) Importer(815301076,1909f56bfc062723c751e8b465ee728b)  -> (artifact id: 'bda33ae2c45c61e925d62e31a9d79701') in 0.023550 seconds
  Import took 0.067546 seconds .

========================================================================
Received Import Request.
  Time since last request: 6.664511 seconds.
  path: Assets/New Material.mat
  artifactKey: Guid(c6bf6a02d124331409b370d202af39e9) Importer(815301076,1909f56bfc062723c751e8b465ee728b)
Start importing Assets/New Material.mat using Guid(c6bf6a02d124331409b370d202af39e9) Importer(815301076,1909f56bfc062723c751e8b465ee728b)  -> (artifact id: '136893a58988bde523c8e7bde15594e3') in 0.008810 seconds
  Import took 0.011550 seconds .

========================================================================
Received Import Request.
  Time since last request: 37.366218 seconds.
  path: Assets/StormySky.mat
  artifactKey: Guid(c6bf6a02d124331409b370d202af39e9) Importer(815301076,1909f56bfc062723c751e8b465ee728b)
Start importing Assets/StormySky.mat using Guid(c6bf6a02d124331409b370d202af39e9) Importer(815301076,1909f56bfc062723c751e8b465ee728b)  -> (artifact id: '508ff83ba5dd5af07f19c8e5cc24566c') in 0.009741 seconds
  Import took 0.012210 seconds .

========================================================================
Received Prepare
Registering precompiled user dll's ...
Registered in 0.004666 seconds.
Begin MonoManager ReloadAssembly
Native extension for WindowsStandalone target not found
Refreshing native plugins compatible for Editor in 0.27 ms, found 2 plugins.
Preloading 0 native plugins for Editor in 0.00 ms.
Mono: successfully reloaded assembly
- Completed reload, in  0.947 seconds
Platform modules already initialized, skipping
Refreshing native plugins compatible for Editor in 0.31 ms, found 2 plugins.
Preloading 0 native plugins for Editor in 0.00 ms.
Unloading 1384 Unused Serialized files (Serialized files now loaded: 0)
System memory in use before: 68.3 MB.
System memory in use after: 68.4 MB.

Unloading 14 unused Assets to reduce memory usage. Loaded Objects now: 1879.
Total: 2.156700 ms (FindLiveObjects: 0.168100 ms CreateObjectMapping: 0.048200 ms MarkObjects: 1.877600 ms  DeleteObjects: 0.061400 ms)

========================================================================
Received Prepare
Registering precompiled user dll's ...
Registered in 0.003905 seconds.
Begin MonoManager ReloadAssembly
Native extension for WindowsStandalone target not found
Refreshing native plugins compatible for Editor in 0.28 ms, found 2 plugins.
Preloading 0 native plugins for Editor in 0.00 ms.
Mono: successfully reloaded assembly
- Completed reload, in  0.804 seconds
Platform modules already initialized, skipping
Refreshing native plugins compatible for Editor in 0.25 ms, found 2 plugins.
Preloading 0 native plugins for Editor in 0.00 ms.
Unloading 1384 Unused Serialized files (Serialized files now loaded: 0)
System memory in use before: 68.3 MB.
System memory in use after: 68.4 MB.

Unloading 14 unused Assets to reduce memory usage. Loaded Objects now: 1882.
Total: 1.512800 ms (FindLiveObjects: 0.129100 ms CreateObjectMapping: 0.037800 ms MarkObjects: 1.304600 ms  DeleteObjects: 0.040400 ms)

========================================================================
Received Prepare
Registering precompiled user dll's ...
Registered in 0.003455 seconds.
Begin MonoManager ReloadAssembly
Native extension for WindowsStandalone target not found
Refreshing native plugins compatible for Editor in 0.26 ms, found 2 plugins.
Preloading 0 native plugins for Editor in 0.00 ms.
Mono: successfully reloaded assembly
- Completed reload, in  0.783 seconds
Platform modules already initialized, skipping
Refreshing native plugins compatible for Editor in 0.27 ms, found 2 plugins.
Preloading 0 native plugins for Editor in 0.00 ms.
Unloading 1384 Unused Serialized files (Serialized files now loaded: 0)
System memory in use before: 68.3 MB.
System memory in use after: 68.4 MB.

Unloading 14 unused Assets to reduce memory usage. Loaded Objects now: 1885.
Total: 1.629700 ms (FindLiveObjects: 0.137700 ms CreateObjectMapping: 0.039000 ms MarkObjects: 1.406000 ms  DeleteObjects: 0.046000 ms)

========================================================================
Received Prepare
Registering precompiled user dll's ...
Registered in 0.003451 seconds.
Begin MonoManager ReloadAssembly
Native extension for WindowsStandalone target not found
Refreshing native plugins compatible for Editor in 0.26 ms, found 2 plugins.
Preloading 0 native plugins for Editor in 0.00 ms.
Mono: successfully reloaded assembly
- Completed reload, in  0.775 seconds
Platform modules already initialized, skipping
Refreshing native plugins compatible for Editor in 0.27 ms, found 2 plugins.
Preloading 0 native plugins for Editor in 0.00 ms.
Unloading 1384 Unused Serialized files (Serialized files now loaded: 0)
System memory in use before: 68.3 MB.
System memory in use after: 68.4 MB.

Unloading 14 unused Assets to reduce memory usage. Loaded Objects now: 1888.
Total: 1.668900 ms (FindLiveObjects: 0.117200 ms CreateObjectMapping: 0.034900 ms MarkObjects: 1.474600 ms  DeleteObjects: 0.041400 ms)

========================================================================
Received Prepare
Registering precompiled user dll's ...
Registered in 0.003808 seconds.
Begin MonoManager ReloadAssembly
Native extension for WindowsStandalone target not found
Refreshing native plugins compatible for Editor in 0.26 ms, found 2 plugins.
Preloading 0 native plugins for Editor in 0.00 ms.
Mono: successfully reloaded assembly
- Completed reload, in  0.766 seconds
Platform modules already initialized, skipping
Refreshing native plugins compatible for Editor in 0.26 ms, found 2 plugins.
Preloading 0 native plugins for Editor in 0.00 ms.
Unloading 1384 Unused Serialized files (Serialized files now loaded: 0)
System memory in use before: 68.3 MB.
System memory in use after: 68.4 MB.

Unloading 14 unused Assets to reduce memory usage. Loaded Objects now: 1891.
Total: 1.769600 ms (FindLiveObjects: 0.173500 ms CreateObjectMapping: 0.052400 ms MarkObjects: 1.494000 ms  DeleteObjects: 0.048700 ms)

========================================================================
Received Prepare
Registering precompiled user dll's ...
Registered in 0.006050 seconds.
Begin MonoManager ReloadAssembly
Native extension for WindowsStandalone target not found
Refreshing native plugins compatible for Editor in 0.27 ms, found 2 plugins.
Preloading 0 native plugins for Editor in 0.00 ms.
Mono: successfully reloaded assembly
- Completed reload, in  0.971 seconds
Platform modules already initialized, skipping
Refreshing native plugins compatible for Editor in 0.41 ms, found 2 plugins.
Preloading 0 native plugins for Editor in 0.00 ms.
Unloading 1384 Unused Serialized files (Serialized files now loaded: 0)
System memory in use before: 68.4 MB.
System memory in use after: 68.4 MB.

Unloading 14 unused Assets to reduce memory usage. Loaded Objects now: 1894.
Total: 2.090200 ms (FindLiveObjects: 0.181400 ms CreateObjectMapping: 0.048600 ms MarkObjects: 1.803200 ms  DeleteObjects: 0.055600 ms)

========================================================================
Received Prepare
Registering precompiled user dll's ...
Registered in 0.003903 seconds.
Begin MonoManager ReloadAssembly
Native extension for WindowsStandalone target not found
Refreshing native plugins compatible for Editor in 0.54 ms, found 2 plugins.
Preloading 0 native plugins for Editor in 0.00 ms.
Mono: successfully reloaded assembly
- Completed reload, in  0.936 seconds
Platform modules already initialized, skipping
Refreshing native plugins compatible for Editor in 0.33 ms, found 2 plugins.
Preloading 0 native plugins for Editor in 0.00 ms.
Unloading 1384 Unused Serialized files (Serialized files now loaded: 0)
System memory in use before: 68.4 MB.
System memory in use after: 68.4 MB.

Unloading 14 unused Assets to reduce memory usage. Loaded Objects now: 1897.
Total: 2.182000 ms (FindLiveObjects: 0.165100 ms CreateObjectMapping: 0.058300 ms MarkObjects: 1.903300 ms  DeleteObjects: 0.053900 ms)

AssetImportWorkerClient::OnTransportError - code=2 error=End of file
